[14:24:34.648] [INFO] Storybook Upgrade - v9.1.12
[14:24:34.655] [INFO] detect-projects-spinner-start: Detecting projects...
[14:24:34.656] [DEBUG] Finding Storybook projects...
[14:24:34.746] [DEBUG] Found 1 Storybook projects
[14:24:34.746] [INFO] detect-projects-spinner: Detecting projects: 1 projects
[14:24:34.747] [DEBUG] Getting Storybook data...
[14:24:34.747] [DEBUG] Getting Storybook info...
[14:24:34.747] [DEBUG] Loading main config...
[14:24:34.797] [DEBUG] Getting stories paths...
[14:24:34.816] [DEBUG] Getting package manager...
[14:24:35.074] [DEBUG] Getting Storybook version...
[14:24:35.075] [DEBUG] /libs/.storybook - Validating before version... 9.1.12
[14:24:35.075] [DEBUG] /libs/.storybook - Validating upgrade compatibility...
[14:24:35.075] [DEBUG] /libs/.storybook - Fetching NPM version information...
[14:24:35.075] [DEBUG] Getting CLI versions from NPM for storybook...
[14:24:35.078] [DEBUG] Getting CLI versions from NPM for storybook@next...
[14:24:35.427] [DEBUG] /libs/.storybook - Evaluating blockers...
[14:24:35.428] [DEBUG] Getting installed version for @storybook/experimental-addon-test...
[14:24:35.722] [DEBUG] An issue occurred while trying to find dependencies metadata using npm.
[14:24:35.722] [INFO] detect-projects-spinner-stop: 1 project detected
[14:24:35.723] [DEBUG] Found 1 valid projects and 0 error projects
[14:24:35.723] [INFO] Upgrading from 9.1.12 to 9.1.12
[14:24:35.727] [INFO] upgrade-dependencies-task-start: Fetching versions to update package.json files..
[14:24:35.727] [DEBUG] Updating dependencies in /libs/.storybook...
[14:24:35.731] [INFO] upgrade-dependencies-task: /libs/package.json
/package.json
[14:24:35.731] [DEBUG] {
  "upgradedDependencies": []
}
[14:24:35.731] [DEBUG] {
  "upgradedDevDependencies": []
}
[14:24:35.731] [DEBUG] {
  "upgradedPeerDependencies": []
}
[14:24:35.732] [DEBUG] {
  "upgradedDependencies": []
}
[14:24:35.732] [DEBUG] {
  "upgradedDevDependencies": [
    "@storybook/angular@^9.1.12",
    "storybook@^9.1.12",
    "eslint-plugin-storybook@9.1.12"
  ]
}
[14:24:35.732] [DEBUG] {
  "upgradedPeerDependencies": []
}
[14:24:35.732] [DEBUG] Getting CLI versions from NPM for @storybook/angular...
[14:24:37.292] [DEBUG] Using cached version for storybook...
[14:24:37.292] [DEBUG] Getting CLI versions from NPM for eslint-plugin-storybook...
[14:24:37.519] [INFO] upgrade-dependencies-task-success: Updated package versions in package.json files
[14:24:37.520] [INFO] detect-automigrations-task-start: Detecting automigrations...
[14:24:37.520] [DEBUG] Starting automigration collection across 1 projects and 16 fixes...
[14:24:37.524] [INFO] detect-automigrations-task: Checking automigrations for /libs/.storybook...
[14:24:37.524] [DEBUG] Processing project: /libs/.storybook
[14:24:37.524] [DEBUG] Checking fix eslintPlugin for project /libs/.storybook...
[14:24:37.526] [DEBUG] Checking fix addon-mdx-gfm-remove for project /libs/.storybook...
[14:24:37.526] [DEBUG] Checking fix addon-storysource-code-panel for project /libs/.storybook...
[14:24:37.526] [DEBUG] Checking fix upgrade-storybook-related-dependencies for project /libs/.storybook...
[14:24:37.526] [DEBUG] Checking for incompatible storybook packages...
[14:24:37.527] [DEBUG] Getting installed version for @nx/storybook...
[14:24:37.529] [DEBUG] Getting installed version for @storybook/addon-essentials...
[14:24:37.837] [DEBUG] An issue occurred while trying to find dependencies metadata using npm.
[14:24:37.837] [DEBUG] Getting CLI versions from NPM for @storybook/addon-essentials...
[14:24:37.839] [DEBUG] An issue occurred while trying to find dependencies metadata using npm.
[14:24:37.839] [DEBUG] Getting CLI versions from NPM for @nx/storybook...
[14:24:38.368] [DEBUG] Checking fix initial-globals for project /libs/.storybook...
[14:24:38.373] [DEBUG] Checking fix addon-globals-api for project /libs/.storybook...
[14:24:38.374] [DEBUG] Checking fix addon-a11y-addon-test for project /libs/.storybook...
[14:24:38.374] [DEBUG] Checking fix consolidated-imports for project /libs/.storybook...
[14:24:38.375] [DEBUG] Checking fix addon-experimental-test for project /libs/.storybook...
[14:24:38.375] [DEBUG] Using cached installed version for @storybook/experimental-addon-test...
[14:24:38.375] [DEBUG] Checking fix rnstorybook-config for project /libs/.storybook...
[14:24:38.375] [DEBUG] Checking fix remove-addon-interactions for project /libs/.storybook...
[14:24:38.375] [DEBUG] Checking fix renderer-to-framework for project /libs/.storybook...
[14:24:38.375] [DEBUG] Checking fix remove-essential-addons for project /libs/.storybook...
[14:24:38.375] [DEBUG] Checking fix addon-a11y-parameters for project /libs/.storybook...
[14:24:38.375] [DEBUG] Checking fix remove-docs-autodocs for project /libs/.storybook...
[14:24:38.385] [DEBUG] Checking fix wrap-require for project /libs/.storybook...
[14:24:38.392] [INFO] detect-automigrations-task: 
Automigrations detected:
[14:24:38.392] [INFO] detect-automigrations-task-success: No automigrations detected
[14:24:38.393] [DEBUG] Completed automigrations for /libs/.storybook
[14:24:38.393] [INFO] Installing dependencies...
[14:24:38.393] [INFO] install-dependencies-task-start: Installing dependencies...
[14:24:40.008] [INFO] added 1 package, and audited 1962 packages in 2s
[14:24:40.012] [INFO] install-dependencies-task: added 1 package, and audited 1962 packages in 2s
[14:24:40.012] [INFO] 319 packages are looking for funding
  run `npm fund` for details
[14:24:40.017] [INFO] install-dependencies-task: 319 packages are looking for funding
run `npm fund` for details
[14:24:40.017] [INFO] 2 low severity vulnerabilities

To address all issues, run:
  npm audit fix --force

Run `npm audit` for details.
[14:24:40.022] [INFO] install-dependencies-task: 2 low severity vulnerabilities

To address all issues, run:
npm audit fix --force

Run `npm audit` for details.
[14:24:40.029] [INFO] Dependencies installed
[14:24:40.029] [INFO] install-dependencies-task-success: Dependencies installed
[14:24:40.030] [WARN] Since you are in a monorepo, we advise you to deduplicate your dependencies. We can do this for you but it might take some time.
[14:24:44.554] [PROMPT] Execute npm run dedupe? {"choice":true}
[14:24:44.554] [INFO] Deduplicating dependencies...
[14:24:44.555] [INFO] dedupe-dependencies-task-start: Deduplicating dependencies...
[14:25:37.809] [INFO] added 6 packages, removed 43 packages, changed 11 packages, and audited 1925 packages in 53s
[14:25:37.814] [INFO] dedupe-dependencies-task: added 6 packages, removed 43 packages, changed 11 packages, and audited 1925
packages in 53s
[14:25:37.814] [INFO] 317 packages are looking for funding
  run `npm fund` for details
[14:25:37.820] [INFO] dedupe-dependencies-task: 317 packages are looking for funding
run `npm fund` for details
[14:25:37.820] [INFO] 2 low severity vulnerabilities

To address all issues, run:
  npm audit fix --force

Run `npm audit` for details.
[14:25:37.825] [INFO] dedupe-dependencies-task: 2 low severity vulnerabilities

To address all issues, run:
npm audit fix --force

Run `npm audit` for details.
[14:25:37.835] [INFO] Dependencies deduplicated
[14:25:37.835] [INFO] dedupe-dependencies-task-success: Dependencies deduplicated
[14:25:37.835] [INFO] Checking the health of your project(s)..
[14:25:38.200] [DEBUG] An issue occurred while trying to find dependencies metadata using npm.
[14:25:38.200] [WARN] /libs/.storybook: 1 issue found
[14:25:38.205] [INFO] You are currently using Storybook 9.1.12 but you have packages which are incompatible with it:

- @storybook/addon-essentials@8.6.14 which depends on 8.6.14
 Repo: https://github.com/storybookjs/storybook/tree/next/code/addons/essentials

Please consider updating your packages or contacting the maintainers for compatibility details.

For more on Storybook 9 compatibility, see the linked GitHub issue:
https://github.com/storybookjs/storybook/issues/30944
[14:25:38.205] [INFO] Incompatible Packages
[14:25:38.209] [INFO] You are currently using Storybook 9.1.12 but you have packages which are incompatible with it:

- @storybook/addon-essentials@8.6.14 which depends on 8.6.14
 Repo: https://github.com/storybookjs/storybook/tree/next/code/addons/essentials

Please consider updating your packages or contacting the maintainers for compatibility details.

For more on Storybook 9 compatibility, see the linked GitHub issue:
https://github.com/storybookjs/storybook/issues/30944
[14:25:38.214] [INFO] Storybook doctor is complete!
[14:25:38.217] [INFO] You can always recheck the health of your project(s) by running:
npx storybook doctor
[14:25:38.222] [INFO] The upgrade is complete!
[14:25:38.228] [INFO] Your project(s) have been upgraded successfully, but some issues were found which need your attention, please check Storybook doctor logs above.
[14:25:38.233] [INFO] For a full list of changes, please check our migration guide: https://storybook.js.org/docs/migration-guide?ref=upgrade